<?xml version="1.0" encoding="UTF-8"?>
<coverage generated="1780475775059" clover="3.2.0">
  <project timestamp="1780475775059" name="All files">
    <metrics statements="111" coveredstatements="105" conditionals="103" coveredconditionals="73" methods="49" coveredmethods="48" elements="263" coveredelements="226" complexity="0" loc="111" ncloc="111" packages="7" files="16" classes="16"/>
    <package name="api">
      <metrics statements="10" coveredstatements="10" conditionals="3" coveredconditionals="3" methods="5" coveredmethods="5"/>
      <file name="pokeapi.ts" path="C:\react\pokedex-app\src\api\pokeapi.ts">
        <metrics statements="10" coveredstatements="10" conditionals="3" coveredconditionals="3" methods="5" coveredmethods="5"/>
        <line num="8" count="3" type="stmt"/>
        <line num="9" count="3" type="stmt"/>
        <line num="12" count="42" type="stmt"/>
        <line num="13" count="42" type="cond" truecount="2" falsecount="0"/>
        <line num="14" count="5" type="stmt"/>
        <line num="16" count="37" type="stmt"/>
        <line num="23" count="13" type="stmt"/>
        <line num="29" count="12" type="stmt"/>
        <line num="33" count="11" type="stmt"/>
        <line num="37" count="6" type="stmt"/>
      </file>
    </package>
    <package name="features.components">
      <metrics statements="14" coveredstatements="13" conditionals="12" coveredconditionals="7" methods="8" coveredmethods="7"/>
      <file name="ErrorState.tsx" path="C:\react\pokedex-app\src\features\components\ErrorState.tsx">
        <metrics statements="1" coveredstatements="1" conditionals="3" coveredconditionals="2" methods="1" coveredmethods="1"/>
        <line num="11" count="1" type="stmt"/>
      </file>
      <file name="LoadingSpinner.tsx" path="C:\react\pokedex-app\src\features\components\LoadingSpinner.tsx">
        <metrics statements="1" coveredstatements="1" conditionals="1" coveredconditionals="0" methods="1" coveredmethods="1"/>
        <line num="7" count="25" type="stmt"/>
      </file>
      <file name="PokemonCard.tsx" path="C:\react\pokedex-app\src\features\components\PokemonCard.tsx">
        <metrics statements="4" coveredstatements="4" conditionals="0" coveredconditionals="0" methods="1" coveredmethods="1"/>
        <line num="10" count="21" type="stmt"/>
        <line num="11" count="21" type="stmt"/>
        <line num="12" count="21" type="stmt"/>
        <line num="14" count="21" type="stmt"/>
      </file>
      <file name="TypeBadge.tsx" path="C:\react\pokedex-app\src\features\components\TypeBadge.tsx">
        <metrics statements="3" coveredstatements="3" conditionals="2" coveredconditionals="1" methods="1" coveredmethods="1"/>
        <line num="2" count="1" type="stmt"/>
        <line num="28" count="13" type="cond" truecount="1" falsecount="1"/>
        <line num="29" count="13" type="stmt"/>
      </file>
      <file name="TypeFilter.tsx" path="C:\react\pokedex-app\src\features\components\TypeFilter.tsx">
        <metrics statements="5" coveredstatements="4" conditionals="6" coveredconditionals="4" methods="4" coveredmethods="3"/>
        <line num="9" count="27" type="stmt"/>
        <line num="11" count="27" type="stmt"/>
        <line num="22" count="0" type="cond" truecount="0" falsecount="2"/>
        <line num="28" count="48" type="stmt"/>
        <line num="35" count="1" type="stmt"/>
      </file>
    </package>
    <package name="features.hooks">
      <metrics statements="14" coveredstatements="14" conditionals="3" coveredconditionals="1" methods="10" coveredmethods="10"/>
      <file name="usePokemonDetail.ts" path="C:\react\pokedex-app\src\features\hooks\usePokemonDetail.ts">
        <metrics statements="2" coveredstatements="2" conditionals="0" coveredconditionals="0" methods="2" coveredmethods="2"/>
        <line num="5" count="19" type="stmt"/>
        <line num="7" count="10" type="stmt"/>
      </file>
      <file name="usePokemonInfiniteList.ts" path="C:\react\pokedex-app\src\features\hooks\usePokemonInfiniteList.ts">
        <metrics statements="6" coveredstatements="6" conditionals="3" coveredconditionals="1" methods="3" coveredmethods="3"/>
        <line num="4" count="2" type="stmt"/>
        <line num="7" count="22" type="stmt"/>
        <line num="10" count="9" type="stmt"/>
        <line num="13" count="23" type="cond" truecount="1" falsecount="1"/>
        <line num="14" count="23" type="stmt"/>
        <line num="15" count="23" type="stmt"/>
      </file>
      <file name="usePokemonTypes.ts" path="C:\react\pokedex-app\src\features\hooks\usePokemonTypes.ts">
        <metrics statements="4" coveredstatements="4" conditionals="0" coveredconditionals="0" methods="3" coveredmethods="3"/>
        <line num="5" count="2" type="stmt"/>
        <line num="8" count="27" type="stmt"/>
        <line num="11" count="21" type="stmt"/>
        <line num="14" count="84" type="stmt"/>
      </file>
      <file name="usePokemonsByType.ts" path="C:\react\pokedex-app\src\features\hooks\usePokemonsByType.ts">
        <metrics statements="2" coveredstatements="2" conditionals="0" coveredconditionals="0" methods="2" coveredmethods="2"/>
        <line num="5" count="22" type="stmt"/>
        <line num="7" count="3" type="stmt"/>
      </file>
    </package>
    <package name="lib">
      <metrics statements="5" coveredstatements="5" conditionals="2" coveredconditionals="2" methods="3" coveredmethods="3"/>
      <file name="utils.ts" path="C:\react\pokedex-app\src\lib\utils.ts">
        <metrics statements="5" coveredstatements="5" conditionals="2" coveredconditionals="2" methods="3" coveredmethods="3"/>
        <line num="2" count="25" type="stmt"/>
        <line num="3" count="25" type="stmt"/>
        <line num="7" count="4" type="stmt"/>
        <line num="11" count="43" type="stmt"/>
        <line num="19" count="43" type="cond" truecount="2" falsecount="0"/>
      </file>
    </package>
    <package name="pages">
      <metrics statements="32" coveredstatements="30" conditionals="55" coveredconditionals="42" methods="10" coveredmethods="10"/>
      <file name="PokemonDetailPage.tsx" path="C:\react\pokedex-app\src\pages\PokemonDetailPage.tsx">
        <metrics statements="12" coveredstatements="12" conditionals="21" coveredconditionals="16" methods="4" coveredmethods="4"/>
        <line num="10" count="19" type="cond" truecount="0" falsecount="1"/>
        <line num="11" count="19" type="stmt"/>
        <line num="13" count="19" type="cond" truecount="2" falsecount="0"/>
        <line num="14" count="10" type="stmt"/>
        <line num="21" count="9" type="cond" truecount="4" falsecount="0"/>
        <line num="22" count="1" type="stmt"/>
        <line num="33" count="8" type="cond" truecount="2" falsecount="0"/>
        <line num="37" count="8" type="stmt"/>
        <line num="39" count="8" type="stmt"/>
        <line num="81" count="13" type="stmt"/>
        <line num="114" count="14" type="stmt"/>
        <line num="140" count="18" type="stmt"/>
      </file>
      <file name="PokemonListPage.tsx" path="C:\react\pokedex-app\src\pages\PokemonListPage.tsx">
        <metrics statements="20" coveredstatements="18" conditionals="34" coveredconditionals="26" methods="6" coveredmethods="6"/>
        <line num="13" count="22" type="stmt"/>
        <line num="14" count="22" type="stmt"/>
        <line num="17" count="22" type="stmt"/>
        <line num="28" count="22" type="stmt"/>
        <line num="36" count="22" type="stmt"/>
        <line num="39" count="22" type="stmt"/>
        <line num="40" count="15" type="cond" truecount="2" falsecount="3"/>
        <line num="41" count="0" type="stmt"/>
        <line num="45" count="22" type="stmt"/>
        <line num="46" count="1" type="cond" truecount="1" falsecount="1"/>
        <line num="47" count="0" type="stmt"/>
        <line num="49" count="1" type="stmt"/>
        <line num="53" count="22" type="cond" truecount="2" falsecount="0"/>
        <line num="54" count="22" type="cond" truecount="2" falsecount="0"/>
        <line num="55" count="22" type="cond" truecount="2" falsecount="0"/>
        <line num="58" count="22" type="cond" truecount="2" falsecount="0"/>
        <line num="59" count="6" type="cond" truecount="2" falsecount="0"/>
        <line num="60" count="5" type="cond" truecount="2" falsecount="0"/>
        <line num="63" count="22" type="stmt"/>
        <line num="102" count="21" type="stmt"/>
      </file>
    </package>
    <package name="test">
      <metrics statements="6" coveredstatements="6" conditionals="6" coveredconditionals="2" methods="4" coveredmethods="4"/>
      <file name="render.tsx" path="C:\react\pokedex-app\src\test\render.tsx">
        <metrics statements="6" coveredstatements="6" conditionals="6" coveredconditionals="2" methods="4" coveredmethods="4"/>
        <line num="20" count="9" type="stmt"/>
        <line num="27" count="9" type="stmt"/>
        <line num="38" count="9" type="stmt"/>
        <line num="45" count="10" type="stmt"/>
        <line num="51" count="10" type="stmt"/>
        <line num="56" count="20" type="stmt"/>
      </file>
    </package>
    <package name="test.msw">
      <metrics statements="30" coveredstatements="27" conditionals="22" coveredconditionals="16" methods="9" coveredmethods="9"/>
      <file name="handlers.ts" path="C:\react\pokedex-app\src\test\msw\handlers.ts">
        <metrics statements="29" coveredstatements="26" conditionals="22" coveredconditionals="16" methods="9" coveredmethods="9"/>
        <line num="3" count="4" type="stmt"/>
        <line num="5" count="4" type="stmt"/>
        <line num="23" count="24" type="stmt"/>
        <line num="29" count="28" type="stmt"/>
        <line num="42" count="40" type="stmt"/>
        <line num="46" count="52" type="stmt"/>
        <line num="52" count="4" type="stmt"/>
        <line num="137" count="4" type="stmt"/>
        <line num="139" count="12" type="cond" truecount="1" falsecount="1"/>
        <line num="140" count="12" type="cond" truecount="1" falsecount="1"/>
        <line num="143" count="12" type="cond" truecount="4" falsecount="0"/>
        <line num="144" count="11" type="stmt"/>
        <line num="159" count="1" type="cond" truecount="3" falsecount="1"/>
        <line num="160" count="1" type="stmt"/>
        <line num="174" count="0" type="stmt"/>
        <line num="186" count="8" type="stmt"/>
        <line num="187" count="8" type="stmt"/>
        <line num="188" count="48" type="stmt"/>
        <line num="190" count="8" type="cond" truecount="1" falsecount="1"/>
        <line num="192" count="8" type="cond" truecount="1" falsecount="1"/>
        <line num="193" count="0" type="stmt"/>
        <line num="196" count="8" type="stmt"/>
        <line num="200" count="10" type="stmt"/>
        <line num="214" count="5" type="stmt"/>
        <line num="216" count="5" type="cond" truecount="2" falsecount="0"/>
        <line num="217" count="4" type="stmt"/>
        <line num="230" count="1" type="cond" truecount="1" falsecount="1"/>
        <line num="231" count="0" type="stmt"/>
        <line num="243" count="1" type="stmt"/>
      </file>
      <file name="server.ts" path="C:\react\pokedex-app\src\test\msw\server.ts">
        <metrics statements="1" coveredstatements="1" conditionals="0" coveredconditionals="0" methods="0" coveredmethods="0"/>
        <line num="4" count="4" type="stmt"/>
      </file>
    </package>
  </project>
</coverage>
