{"C:\\react\\pokedex-app\\src\\api\\pokeapi.ts": {"path":"C:\\react\\pokedex-app\\src\\api\\pokeapi.ts","statementMap":{"0":{"start":{"line":8,"column":17},"end":{"line":8,"column":44}},"1":{"start":{"line":9,"column":26},"end":{"line":9,"column":28}},"2":{"start":{"line":12,"column":14},"end":{"line":12,"column":30}},"3":{"start":{"line":13,"column":2},"end":{"line":15,"column":3}},"4":{"start":{"line":14,"column":4},"end":{"line":14,"column":79}},"5":{"start":{"line":16,"column":2},"end":{"line":16,"column":34}},"6":{"start":{"line":23,"column":2},"end":{"line":25,"column":4}},"7":{"start":{"line":29,"column":2},"end":{"line":29,"column":65}},"8":{"start":{"line":33,"column":2},"end":{"line":33,"column":59}},"9":{"start":{"line":37,"column":2},"end":{"line":37,"column":59}}},"fnMap":{"0":{"name":"fetchJson","decl":{"start":{"line":11,"column":15},"end":{"line":11,"column":24}},"loc":{"start":{"line":11,"column":39},"end":{"line":17,"column":1}}},"1":{"name":"getPokemonPage","decl":{"start":{"line":19,"column":22},"end":{"line":19,"column":36}},"loc":{"start":{"line":21,"column":27},"end":{"line":26,"column":1}}},"2":{"name":"getPokemonDetail","decl":{"start":{"line":28,"column":22},"end":{"line":28,"column":38}},"loc":{"start":{"line":28,"column":51},"end":{"line":30,"column":1}}},"3":{"name":"getPokemonTypes","decl":{"start":{"line":32,"column":22},"end":{"line":32,"column":37}},"loc":{"start":{"line":32,"column":37},"end":{"line":34,"column":1}}},"4":{"name":"getPokemonsByType","decl":{"start":{"line":36,"column":22},"end":{"line":36,"column":39}},"loc":{"start":{"line":36,"column":52},"end":{"line":38,"column":1}}}},"branchMap":{"0":{"loc":{"start":{"line":13,"column":2},"end":{"line":15,"column":3}},"type":"if","locations":[{"start":{"line":13,"column":2},"end":{"line":15,"column":3}},{"start":{},"end":{}}]},"1":{"loc":{"start":{"line":21,"column":2},"end":{"line":21,"column":27}},"type":"default-arg","locations":[{"start":{"line":21,"column":10},"end":{"line":21,"column":27}}]}},"s":{"0":3,"1":3,"2":42,"3":42,"4":5,"5":37,"6":13,"7":12,"8":11,"9":6},"f":{"0":42,"1":13,"2":12,"3":11,"4":6},"b":{"0":[5,37],"1":[1]}}
,"C:\\react\\pokedex-app\\src\\features\\components\\ErrorState.tsx": {"path":"C:\\react\\pokedex-app\\src\\features\\components\\ErrorState.tsx","statementMap":{"0":{"start":{"line":11,"column":2},"end":{"line":28,"column":4}}},"fnMap":{"0":{"name":"ErrorState","decl":{"start":{"line":7,"column":9},"end":{"line":7,"column":19}},"loc":{"start":{"line":10,"column":18},"end":{"line":29,"column":1}}}},"branchMap":{"0":{"loc":{"start":{"line":8,"column":2},"end":{"line":8,"column":35}},"type":"default-arg","locations":[{"start":{"line":8,"column":12},"end":{"line":8,"column":35}}]},"1":{"loc":{"start":{"line":19,"column":7},"end":{"line":25,"column":null}},"type":"binary-expr","locations":[{"start":{"line":19,"column":7},"end":{"line":19,"column":14}},{"start":{"line":20,"column":8},"end":{"line":22,"column":null}}]}},"s":{"0":1},"f":{"0":1},"b":{"0":[0],"1":[1,1]}}
,"C:\\react\\pokedex-app\\src\\features\\components\\LoadingSpinner.tsx": {"path":"C:\\react\\pokedex-app\\src\\features\\components\\LoadingSpinner.tsx","statementMap":{"0":{"start":{"line":7,"column":2},"end":{"line":17,"column":4}}},"fnMap":{"0":{"name":"LoadingSpinner","decl":{"start":{"line":6,"column":9},"end":{"line":6,"column":23}},"loc":{"start":{"line":6,"column":71},"end":{"line":18,"column":1}}}},"branchMap":{"0":{"loc":{"start":{"line":6,"column":26},"end":{"line":6,"column":48}},"type":"default-arg","locations":[{"start":{"line":6,"column":36},"end":{"line":6,"column":48}}]}},"s":{"0":25},"f":{"0":25},"b":{"0":[0]}}
,"C:\\react\\pokedex-app\\src\\features\\components\\PokemonCard.tsx": {"path":"C:\\react\\pokedex-app\\src\\features\\components\\PokemonCard.tsx","statementMap":{"0":{"start":{"line":10,"column":13},"end":{"line":10,"column":37}},"1":{"start":{"line":11,"column":19},"end":{"line":11,"column":126}},"2":{"start":{"line":12,"column":22},"end":{"line":12,"column":66}},"3":{"start":{"line":14,"column":2},"end":{"line":35,"column":4}}},"fnMap":{"0":{"name":"PokemonCard","decl":{"start":{"line":9,"column":9},"end":{"line":9,"column":20}},"loc":{"start":{"line":9,"column":52},"end":{"line":36,"column":1}}}},"branchMap":{},"s":{"0":21,"1":21,"2":21,"3":21},"f":{"0":21},"b":{}}
,"C:\\react\\pokedex-app\\src\\features\\components\\TypeBadge.tsx": {"path":"C:\\react\\pokedex-app\\src\\features\\components\\TypeBadge.tsx","statementMap":{"0":{"start":{"line":2,"column":45},"end":{"line":21,"column":2}},"1":{"start":{"line":28,"column":17},"end":{"line":28,"column":63}},"2":{"start":{"line":29,"column":2},"end":{"line":35,"column":4}}},"fnMap":{"0":{"name":"TypeBadge","decl":{"start":{"line":27,"column":9},"end":{"line":27,"column":18}},"loc":{"start":{"line":27,"column":43},"end":{"line":36,"column":1}}}},"branchMap":{"0":{"loc":{"start":{"line":28,"column":17},"end":{"line":28,"column":63}},"type":"binary-expr","locations":[{"start":{"line":28,"column":17},"end":{"line":28,"column":35}},{"start":{"line":28,"column":39},"end":{"line":28,"column":63}}]}},"s":{"0":1,"1":13,"2":13},"f":{"0":13},"b":{"0":[13,0]}}
,"C:\\react\\pokedex-app\\src\\features\\components\\TypeFilter.tsx": {"path":"C:\\react\\pokedex-app\\src\\features\\components\\TypeFilter.tsx","statementMap":{"0":{"start":{"line":9,"column":30},"end":{"line":9,"column":47}},"1":{"start":{"line":11,"column":2},"end":{"line":43,"column":4}},"2":{"start":{"line":22,"column":25},"end":{"line":22,"column":61}},"3":{"start":{"line":28,"column":10},"end":{"line":28,"column":31}},"4":{"start":{"line":35,"column":25},"end":{"line":35,"column":43}}},"fnMap":{"0":{"name":"TypeFilter","decl":{"start":{"line":8,"column":9},"end":{"line":8,"column":19}},"loc":{"start":{"line":8,"column":67},"end":{"line":44,"column":1}}},"1":{"name":"(anonymous_1)","decl":{"start":{"line":22,"column":18},"end":{"line":22,"column":19}},"loc":{"start":{"line":22,"column":25},"end":{"line":22,"column":61}}},"2":{"name":"(anonymous_2)","decl":{"start":{"line":27,"column":27},"end":{"line":27,"column":28}},"loc":{"start":{"line":28,"column":10},"end":{"line":28,"column":31}}},"3":{"name":"(anonymous_3)","decl":{"start":{"line":35,"column":19},"end":{"line":35,"column":22}},"loc":{"start":{"line":35,"column":25},"end":{"line":35,"column":43}}}},"branchMap":{"0":{"loc":{"start":{"line":21,"column":15},"end":{"line":21,"column":33}},"type":"binary-expr","locations":[{"start":{"line":21,"column":15},"end":{"line":21,"column":27}},{"start":{"line":21,"column":31},"end":{"line":21,"column":33}}]},"1":{"loc":{"start":{"line":22,"column":38},"end":{"line":22,"column":60}},"type":"binary-expr","locations":[{"start":{"line":22,"column":38},"end":{"line":22,"column":52}},{"start":{"line":22,"column":56},"end":{"line":22,"column":60}}]},"2":{"loc":{"start":{"line":33,"column":7},"end":{"line":40,"column":null}},"type":"binary-expr","locations":[{"start":{"line":33,"column":7},"end":{"line":33,"column":19}},{"start":{"line":34,"column":8},"end":{"line":37,"column":null}}]}},"s":{"0":27,"1":27,"2":0,"3":48,"4":1},"f":{"0":27,"1":0,"2":48,"3":1},"b":{"0":[27,20],"1":[0,0],"2":[27,7]}}
,"C:\\react\\pokedex-app\\src\\features\\hooks\\usePokemonDetail.ts": {"path":"C:\\react\\pokedex-app\\src\\features\\hooks\\usePokemonDetail.ts","statementMap":{"0":{"start":{"line":5,"column":2},"end":{"line":9,"column":5}},"1":{"start":{"line":7,"column":19},"end":{"line":7,"column":41}}},"fnMap":{"0":{"name":"usePokemonDetail","decl":{"start":{"line":4,"column":16},"end":{"line":4,"column":32}},"loc":{"start":{"line":4,"column":45},"end":{"line":10,"column":1}}},"1":{"name":"(anonymous_1)","decl":{"start":{"line":7,"column":13},"end":{"line":7,"column":16}},"loc":{"start":{"line":7,"column":19},"end":{"line":7,"column":41}}}},"branchMap":{},"s":{"0":19,"1":10},"f":{"0":19,"1":10},"b":{}}
,"C:\\react\\pokedex-app\\src\\features\\hooks\\usePokemonInfiniteList.ts": {"path":"C:\\react\\pokedex-app\\src\\features\\hooks\\usePokemonInfiniteList.ts","statementMap":{"0":{"start":{"line":4,"column":18},"end":{"line":4,"column":20}},"1":{"start":{"line":7,"column":2},"end":{"line":17,"column":5}},"2":{"start":{"line":10,"column":6},"end":{"line":10,"column":52}},"3":{"start":{"line":13,"column":6},"end":{"line":13,"column":43}},"4":{"start":{"line":13,"column":26},"end":{"line":13,"column":43}},"5":{"start":{"line":14,"column":18},"end":{"line":14,"column":40}},"6":{"start":{"line":15,"column":6},"end":{"line":15,"column":52}}},"fnMap":{"0":{"name":"usePokemonInfiniteList","decl":{"start":{"line":6,"column":16},"end":{"line":6,"column":38}},"loc":{"start":{"line":6,"column":38},"end":{"line":18,"column":1}}},"1":{"name":"(anonymous_1)","decl":{"start":{"line":9,"column":13},"end":{"line":9,"column":14}},"loc":{"start":{"line":10,"column":6},"end":{"line":10,"column":52}}},"2":{"name":"(anonymous_2)","decl":{"start":{"line":12,"column":22},"end":{"line":12,"column":23}},"loc":{"start":{"line":12,"column":35},"end":{"line":16,"column":5}}}},"branchMap":{"0":{"loc":{"start":{"line":9,"column":16},"end":{"line":9,"column":29}},"type":"default-arg","locations":[{"start":{"line":9,"column":28},"end":{"line":9,"column":29}}]},"1":{"loc":{"start":{"line":13,"column":6},"end":{"line":13,"column":43}},"type":"if","locations":[{"start":{"line":13,"column":6},"end":{"line":13,"column":43}},{"start":{},"end":{}}]}},"s":{"0":2,"1":22,"2":9,"3":23,"4":0,"5":23,"6":23},"f":{"0":22,"1":9,"2":23},"b":{"0":[0],"1":[0,23]}}
,"C:\\react\\pokedex-app\\src\\features\\hooks\\usePokemonTypes.ts": {"path":"C:\\react\\pokedex-app\\src\\features\\hooks\\usePokemonTypes.ts","statementMap":{"0":{"start":{"line":5,"column":23},"end":{"line":5,"column":44}},"1":{"start":{"line":8,"column":2},"end":{"line":18,"column":5}},"2":{"start":{"line":11,"column":23},"end":{"line":16,"column":6}},"3":{"start":{"line":14,"column":15},"end":{"line":14,"column":47}}},"fnMap":{"0":{"name":"usePokemonTypes","decl":{"start":{"line":7,"column":16},"end":{"line":7,"column":31}},"loc":{"start":{"line":7,"column":31},"end":{"line":19,"column":1}}},"1":{"name":"(anonymous_1)","decl":{"start":{"line":11,"column":12},"end":{"line":11,"column":13}},"loc":{"start":{"line":11,"column":23},"end":{"line":16,"column":6}}},"2":{"name":"(anonymous_2)","decl":{"start":{"line":14,"column":8},"end":{"line":14,"column":9}},"loc":{"start":{"line":14,"column":15},"end":{"line":14,"column":47}}}},"branchMap":{},"s":{"0":2,"1":27,"2":21,"3":84},"f":{"0":27,"1":21,"2":84},"b":{}}
,"C:\\react\\pokedex-app\\src\\features\\hooks\\usePokemonsByType.ts": {"path":"C:\\react\\pokedex-app\\src\\features\\hooks\\usePokemonsByType.ts","statementMap":{"0":{"start":{"line":5,"column":2},"end":{"line":10,"column":5}},"1":{"start":{"line":7,"column":19},"end":{"line":7,"column":43}}},"fnMap":{"0":{"name":"usePokemonsByType","decl":{"start":{"line":4,"column":16},"end":{"line":4,"column":33}},"loc":{"start":{"line":4,"column":53},"end":{"line":11,"column":1}}},"1":{"name":"(anonymous_1)","decl":{"start":{"line":7,"column":13},"end":{"line":7,"column":16}},"loc":{"start":{"line":7,"column":19},"end":{"line":7,"column":43}}}},"branchMap":{},"s":{"0":22,"1":3},"f":{"0":22,"1":3},"b":{}}
,"C:\\react\\pokedex-app\\src\\lib\\utils.ts": {"path":"C:\\react\\pokedex-app\\src\\lib\\utils.ts","statementMap":{"0":{"start":{"line":2,"column":16},"end":{"line":2,"column":49}},"1":{"start":{"line":3,"column":2},"end":{"line":3,"column":41}},"2":{"start":{"line":7,"column":2},"end":{"line":7,"column":52}},"3":{"start":{"line":11,"column":38},"end":{"line":18,"column":4}},"4":{"start":{"line":19,"column":2},"end":{"line":19,"column":39}}},"fnMap":{"0":{"name":"getPokemonIdFromUrl","decl":{"start":{"line":1,"column":16},"end":{"line":1,"column":35}},"loc":{"start":{"line":1,"column":47},"end":{"line":4,"column":1}}},"1":{"name":"capitalise","decl":{"start":{"line":6,"column":16},"end":{"line":6,"column":26}},"loc":{"start":{"line":6,"column":38},"end":{"line":8,"column":1}}},"2":{"name":"formatStatName","decl":{"start":{"line":10,"column":16},"end":{"line":10,"column":30}},"loc":{"start":{"line":10,"column":43},"end":{"line":20,"column":1}}}},"branchMap":{"0":{"loc":{"start":{"line":19,"column":9},"end":{"line":19,"column":38}},"type":"binary-expr","locations":[{"start":{"line":19,"column":9},"end":{"line":19,"column":18}},{"start":{"line":19,"column":22},"end":{"line":19,"column":38}}]}},"s":{"0":25,"1":25,"2":4,"3":43,"4":43},"f":{"0":25,"1":4,"2":43},"b":{"0":[43,1]}}
,"C:\\react\\pokedex-app\\src\\pages\\PokemonDetailPage.tsx": {"path":"C:\\react\\pokedex-app\\src\\pages\\PokemonDetailPage.tsx","statementMap":{"0":{"start":{"line":10,"column":24},"end":{"line":10,"column":53}},"1":{"start":{"line":11,"column":57},"end":{"line":11,"column":79}},"2":{"start":{"line":13,"column":2},"end":{"line":19,"column":3}},"3":{"start":{"line":14,"column":4},"end":{"line":18,"column":6}},"4":{"start":{"line":21,"column":2},"end":{"line":30,"column":3}},"5":{"start":{"line":22,"column":4},"end":{"line":29,"column":6}},"6":{"start":{"line":33,"column":4},"end":{"line":34,"column":33}},"7":{"start":{"line":37,"column":4},"end":{"line":37,"column":64}},"8":{"start":{"line":39,"column":2},"end":{"line":165,"column":4}},"9":{"start":{"line":81,"column":18},"end":{"line":81,"column":45}},"10":{"start":{"line":114,"column":20},"end":{"line":115,"column":null}},"11":{"start":{"line":140,"column":16},"end":{"line":140,"column":37}}},"fnMap":{"0":{"name":"PokemonDetailPage","decl":{"start":{"line":9,"column":9},"end":{"line":9,"column":26}},"loc":{"start":{"line":9,"column":26},"end":{"line":166,"column":1}}},"1":{"name":"(anonymous_1)","decl":{"start":{"line":80,"column":43},"end":{"line":80,"column":44}},"loc":{"start":{"line":81,"column":18},"end":{"line":81,"column":45}}},"2":{"name":"(anonymous_2)","decl":{"start":{"line":113,"column":49},"end":{"line":113,"column":50}},"loc":{"start":{"line":114,"column":20},"end":{"line":115,"column":null}}},"3":{"name":"(anonymous_3)","decl":{"start":{"line":139,"column":41},"end":{"line":139,"column":42}},"loc":{"start":{"line":140,"column":16},"end":{"line":140,"column":37}}}},"branchMap":{"0":{"loc":{"start":{"line":10,"column":10},"end":{"line":10,"column":19}},"type":"default-arg","locations":[{"start":{"line":10,"column":17},"end":{"line":10,"column":19}}]},"1":{"loc":{"start":{"line":13,"column":2},"end":{"line":19,"column":3}},"type":"if","locations":[{"start":{"line":13,"column":2},"end":{"line":19,"column":3}},{"start":{},"end":{}}]},"2":{"loc":{"start":{"line":21,"column":2},"end":{"line":30,"column":3}},"type":"if","locations":[{"start":{"line":21,"column":2},"end":{"line":30,"column":3}},{"start":{},"end":{}}]},"3":{"loc":{"start":{"line":21,"column":6},"end":{"line":21,"column":25}},"type":"binary-expr","locations":[{"start":{"line":21,"column":6},"end":{"line":21,"column":13}},{"start":{"line":21,"column":17},"end":{"line":21,"column":25}}]},"4":{"loc":{"start":{"line":33,"column":4},"end":{"line":34,"column":33}},"type":"binary-expr","locations":[{"start":{"line":33,"column":4},"end":{"line":33,"column":62}},{"start":{"line":34,"column":4},"end":{"line":34,"column":33}}]},"5":{"loc":{"start":{"line":60,"column":21},"end":{"line":60,"column":42}},"type":"binary-expr","locations":[{"start":{"line":60,"column":21},"end":{"line":60,"column":36}},{"start":{"line":60,"column":40},"end":{"line":60,"column":42}}]},"6":{"loc":{"start":{"line":80,"column":18},"end":{"line":80,"column":37}},"type":"binary-expr","locations":[{"start":{"line":80,"column":18},"end":{"line":80,"column":31}},{"start":{"line":80,"column":35},"end":{"line":80,"column":37}}]},"7":{"loc":{"start":{"line":113,"column":20},"end":{"line":113,"column":43}},"type":"binary-expr","locations":[{"start":{"line":113,"column":20},"end":{"line":113,"column":37}},{"start":{"line":113,"column":41},"end":{"line":113,"column":43}}]},"8":{"loc":{"start":{"line":117,"column":24},"end":{"line":119,"column":null}},"type":"cond-expr","locations":[{"start":{"line":118,"column":28},"end":{"line":118,"column":76}},{"start":{"line":119,"column":28},"end":{"line":119,"column":null}}]},"9":{"loc":{"start":{"line":123,"column":23},"end":{"line":124,"column":null}},"type":"binary-expr","locations":[{"start":{"line":123,"column":23},"end":{"line":123,"column":32}},{"start":{"line":124,"column":24},"end":{"line":124,"column":76}}]},"10":{"loc":{"start":{"line":139,"column":16},"end":{"line":139,"column":35}},"type":"binary-expr","locations":[{"start":{"line":139,"column":16},"end":{"line":139,"column":29}},{"start":{"line":139,"column":33},"end":{"line":139,"column":35}}]}},"s":{"0":19,"1":19,"2":19,"3":10,"4":9,"5":1,"6":8,"7":8,"8":8,"9":13,"10":14,"11":18},"f":{"0":19,"1":13,"2":14,"3":18},"b":{"0":[0],"1":[10,9],"2":[1,8],"3":[9,8],"4":[8,1],"5":[8,0],"6":[8,0],"7":[8,0],"8":[7,7],"9":[14,7],"10":[8,0]}}
,"C:\\react\\pokedex-app\\src\\pages\\PokemonListPage.tsx": {"path":"C:\\react\\pokedex-app\\src\\pages\\PokemonListPage.tsx","statementMap":{"0":{"start":{"line":13,"column":42},"end":{"line":13,"column":59}},"1":{"start":{"line":14,"column":23},"end":{"line":14,"column":47}},"2":{"start":{"line":17,"column":39},"end":{"line":17,"column":66}},"3":{"start":{"line":28,"column":6},"end":{"line":28,"column":30}},"4":{"start":{"line":36,"column":6},"end":{"line":36,"column":37}},"5":{"start":{"line":39,"column":2},"end":{"line":43,"column":57}},"6":{"start":{"line":40,"column":4},"end":{"line":42,"column":5}},"7":{"start":{"line":41,"column":6},"end":{"line":41,"column":22}},"8":{"start":{"line":45,"column":27},"end":{"line":51,"column":3}},"9":{"start":{"line":46,"column":4},"end":{"line":50,"column":5}},"10":{"start":{"line":47,"column":6},"end":{"line":47,"column":32}},"11":{"start":{"line":49,"column":6},"end":{"line":49,"column":26}},"12":{"start":{"line":53,"column":20},"end":{"line":53,"column":64}},"13":{"start":{"line":54,"column":18},"end":{"line":54,"column":58}},"14":{"start":{"line":55,"column":18},"end":{"line":55,"column":62}},"15":{"start":{"line":58,"column":43},"end":{"line":60,"column":65}},"16":{"start":{"line":59,"column":40},"end":{"line":59,"column":53}},"17":{"start":{"line":60,"column":45},"end":{"line":60,"column":57}},"18":{"start":{"line":63,"column":2},"end":{"line":121,"column":4}},"19":{"start":{"line":102,"column":12},"end":{"line":102,"column":44}}},"fnMap":{"0":{"name":"PokemonListPage","decl":{"start":{"line":12,"column":9},"end":{"line":12,"column":24}},"loc":{"start":{"line":12,"column":24},"end":{"line":122,"column":1}}},"1":{"name":"(anonymous_1)","decl":{"start":{"line":39,"column":12},"end":{"line":39,"column":15}},"loc":{"start":{"line":39,"column":17},"end":{"line":43,"column":3}}},"2":{"name":"(anonymous_2)","decl":{"start":{"line":45,"column":27},"end":{"line":45,"column":28}},"loc":{"start":{"line":45,"column":51},"end":{"line":51,"column":3}}},"3":{"name":"(anonymous_3)","decl":{"start":{"line":59,"column":29},"end":{"line":59,"column":30}},"loc":{"start":{"line":59,"column":40},"end":{"line":59,"column":53}}},"4":{"name":"(anonymous_4)","decl":{"start":{"line":60,"column":35},"end":{"line":60,"column":36}},"loc":{"start":{"line":60,"column":45},"end":{"line":60,"column":57}}},"5":{"name":"(anonymous_5)","decl":{"start":{"line":101,"column":27},"end":{"line":101,"column":28}},"loc":{"start":{"line":102,"column":12},"end":{"line":102,"column":44}}}},"branchMap":{"0":{"loc":{"start":{"line":40,"column":4},"end":{"line":42,"column":5}},"type":"if","locations":[{"start":{"line":40,"column":4},"end":{"line":42,"column":5}},{"start":{},"end":{}}]},"1":{"loc":{"start":{"line":40,"column":8},"end":{"line":40,"column":46}},"type":"binary-expr","locations":[{"start":{"line":40,"column":8},"end":{"line":40,"column":14}},{"start":{"line":40,"column":18},"end":{"line":40,"column":29}},{"start":{"line":40,"column":33},"end":{"line":40,"column":46}}]},"2":{"loc":{"start":{"line":46,"column":4},"end":{"line":50,"column":5}},"type":"if","locations":[{"start":{"line":46,"column":4},"end":{"line":50,"column":5}},{"start":{"line":48,"column":11},"end":{"line":50,"column":5}}]},"3":{"loc":{"start":{"line":53,"column":20},"end":{"line":53,"column":64}},"type":"cond-expr","locations":[{"start":{"line":53,"column":35},"end":{"line":53,"column":46}},{"start":{"line":53,"column":49},"end":{"line":53,"column":64}}]},"4":{"loc":{"start":{"line":54,"column":18},"end":{"line":54,"column":58}},"type":"cond-expr","locations":[{"start":{"line":54,"column":33},"end":{"line":54,"column":42}},{"start":{"line":54,"column":45},"end":{"line":54,"column":58}}]},"5":{"loc":{"start":{"line":55,"column":18},"end":{"line":55,"column":62}},"type":"cond-expr","locations":[{"start":{"line":55,"column":33},"end":{"line":55,"column":44}},{"start":{"line":55,"column":47},"end":{"line":55,"column":62}}]},"6":{"loc":{"start":{"line":58,"column":43},"end":{"line":60,"column":65}},"type":"cond-expr","locations":[{"start":{"line":59,"column":7},"end":{"line":59,"column":60}},{"start":{"line":60,"column":7},"end":{"line":60,"column":64}}]},"7":{"loc":{"start":{"line":59,"column":7},"end":{"line":59,"column":60}},"type":"binary-expr","locations":[{"start":{"line":59,"column":7},"end":{"line":59,"column":54}},{"start":{"line":59,"column":58},"end":{"line":59,"column":60}}]},"8":{"loc":{"start":{"line":60,"column":7},"end":{"line":60,"column":64}},"type":"binary-expr","locations":[{"start":{"line":60,"column":7},"end":{"line":60,"column":58}},{"start":{"line":60,"column":62},"end":{"line":60,"column":64}}]},"9":{"loc":{"start":{"line":82,"column":9},"end":{"line":82,"column":69}},"type":"binary-expr","locations":[{"start":{"line":82,"column":9},"end":{"line":82,"column":18}},{"start":{"line":82,"column":22},"end":{"line":82,"column":69}}]},"10":{"loc":{"start":{"line":84,"column":9},"end":{"line":88,"column":null}},"type":"binary-expr","locations":[{"start":{"line":84,"column":9},"end":{"line":84,"column":16}},{"start":{"line":85,"column":10},"end":{"line":87,"column":null}}]},"11":{"loc":{"start":{"line":91,"column":9},"end":{"line":94,"column":null}},"type":"binary-expr","locations":[{"start":{"line":91,"column":9},"end":{"line":91,"column":19}},{"start":{"line":91,"column":23},"end":{"line":91,"column":31}},{"start":{"line":91,"column":35},"end":{"line":91,"column":59}},{"start":{"line":92,"column":10},"end":{"line":92,"column":null}}]},"12":{"loc":{"start":{"line":107,"column":9},"end":{"line":117,"column":null}},"type":"binary-expr","locations":[{"start":{"line":107,"column":9},"end":{"line":107,"column":22}},{"start":{"line":108,"column":10},"end":{"line":116,"column":null}}]},"13":{"loc":{"start":{"line":109,"column":13},"end":{"line":110,"column":null}},"type":"binary-expr","locations":[{"start":{"line":109,"column":13},"end":{"line":109,"column":31}},{"start":{"line":110,"column":14},"end":{"line":110,"column":66}}]},"14":{"loc":{"start":{"line":112,"column":13},"end":{"line":115,"column":null}},"type":"binary-expr","locations":[{"start":{"line":112,"column":13},"end":{"line":112,"column":25}},{"start":{"line":112,"column":29},"end":{"line":112,"column":51}},{"start":{"line":113,"column":14},"end":{"line":114,"column":null}}]}},"s":{"0":22,"1":22,"2":22,"3":22,"4":22,"5":22,"6":15,"7":0,"8":22,"9":1,"10":0,"11":1,"12":22,"13":22,"14":22,"15":22,"16":6,"17":5,"18":22,"19":21},"f":{"0":22,"1":15,"2":1,"3":6,"4":5,"5":21},"b":{"0":[0,15],"1":[15,0,0],"2":[0,1],"3":[5,17],"4":[5,17],"5":[5,17],"6":[5,17],"7":[5,3],"8":[17,12],"9":[22,15],"10":[22,0],"11":[22,7,7,0],"12":[22,17],"13":[17,0],"14":[17,12,0]}}
,"C:\\react\\pokedex-app\\src\\test\\render.tsx": {"path":"C:\\react\\pokedex-app\\src\\test\\render.tsx","statementMap":{"0":{"start":{"line":20,"column":22},"end":{"line":24,"column":4}},"1":{"start":{"line":27,"column":4},"end":{"line":35,"column":6}},"2":{"start":{"line":38,"column":2},"end":{"line":38,"column":60}},"3":{"start":{"line":45,"column":22},"end":{"line":49,"column":4}},"4":{"start":{"line":51,"column":2},"end":{"line":61,"column":4}},"5":{"start":{"line":56,"column":12},"end":{"line":56,"column":30}}},"fnMap":{"0":{"name":"renderWithProviders","decl":{"start":{"line":12,"column":16},"end":{"line":12,"column":35}},"loc":{"start":{"line":18,"column":36},"end":{"line":39,"column":1}}},"1":{"name":"Wrapper","decl":{"start":{"line":26,"column":11},"end":{"line":26,"column":18}},"loc":{"start":{"line":26,"column":62},"end":{"line":36,"column":3}}},"2":{"name":"renderWithRoute","decl":{"start":{"line":41,"column":16},"end":{"line":41,"column":31}},"loc":{"start":{"line":43,"column":20},"end":{"line":62,"column":1}}},"3":{"name":"(anonymous_3)","decl":{"start":{"line":55,"column":22},"end":{"line":55,"column":23}},"loc":{"start":{"line":56,"column":12},"end":{"line":56,"column":30}}}},"branchMap":{"0":{"loc":{"start":{"line":14,"column":2},"end":{"line":18,"column":36}},"type":"default-arg","locations":[{"start":{"line":18,"column":34},"end":{"line":18,"column":36}}]},"1":{"loc":{"start":{"line":15,"column":4},"end":{"line":15,"column":26}},"type":"default-arg","locations":[{"start":{"line":15,"column":21},"end":{"line":15,"column":26}}]},"2":{"loc":{"start":{"line":16,"column":4},"end":{"line":16,"column":21}},"type":"default-arg","locations":[{"start":{"line":16,"column":17},"end":{"line":16,"column":21}}]},"3":{"loc":{"start":{"line":29,"column":9},"end":{"line":32,"column":null}},"type":"cond-expr","locations":[{"start":{"line":30,"column":10},"end":{"line":30,"column":81}},{"start":{"line":32,"column":10},"end":{"line":32,"column":18}}]},"4":{"loc":{"start":{"line":43,"column":2},"end":{"line":43,"column":20}},"type":"default-arg","locations":[{"start":{"line":43,"column":17},"end":{"line":43,"column":20}}]}},"s":{"0":9,"1":9,"2":9,"3":10,"4":10,"5":20},"f":{"0":9,"1":9,"2":10,"3":20},"b":{"0":[0],"1":[0],"2":[9],"3":[9,0],"4":[0]}}
,"C:\\react\\pokedex-app\\src\\test\\msw\\handlers.ts": {"path":"C:\\react\\pokedex-app\\src\\test\\msw\\handlers.ts","statementMap":{"0":{"start":{"line":3,"column":12},"end":{"line":3,"column":39}},"1":{"start":{"line":5,"column":26},"end":{"line":50,"column":2}},"2":{"start":{"line":23,"column":7},"end":{"line":50,"column":2}},"3":{"start":{"line":29,"column":48},"end":{"line":33,"column":4}},"4":{"start":{"line":42,"column":37},"end":{"line":45,"column":4}},"5":{"start":{"line":46,"column":30},"end":{"line":49,"column":4}},"6":{"start":{"line":52,"column":77},"end":{"line":135,"column":2}},"7":{"start":{"line":137,"column":24},"end":{"line":251,"column":2}},"8":{"start":{"line":139,"column":19},"end":{"line":139,"column":68}},"9":{"start":{"line":140,"column":18},"end":{"line":140,"column":67}},"10":{"start":{"line":143,"column":4},"end":{"line":157,"column":5}},"11":{"start":{"line":144,"column":6},"end":{"line":156,"column":8}},"12":{"start":{"line":159,"column":4},"end":{"line":172,"column":5}},"13":{"start":{"line":160,"column":6},"end":{"line":171,"column":8}},"14":{"start":{"line":174,"column":4},"end":{"line":182,"column":6}},"15":{"start":{"line":186,"column":20},"end":{"line":186,"column":43}},"16":{"start":{"line":187,"column":17},"end":{"line":188,"column":null}},"17":{"start":{"line":188,"column":19},"end":{"line":188,"column":49}},"18":{"start":{"line":190,"column":20},"end":{"line":190,"column":51}},"19":{"start":{"line":192,"column":4},"end":{"line":194,"column":5}},"20":{"start":{"line":193,"column":6},"end":{"line":193,"column":70}},"21":{"start":{"line":196,"column":4},"end":{"line":196,"column":51}},"22":{"start":{"line":200,"column":4},"end":{"line":210,"column":6}},"23":{"start":{"line":214,"column":25},"end":{"line":214,"column":35}},"24":{"start":{"line":216,"column":4},"end":{"line":228,"column":5}},"25":{"start":{"line":217,"column":6},"end":{"line":227,"column":8}},"26":{"start":{"line":230,"column":4},"end":{"line":241,"column":5}},"27":{"start":{"line":231,"column":6},"end":{"line":240,"column":8}},"28":{"start":{"line":243,"column":4},"end":{"line":249,"column":6}}},"fnMap":{"0":{"name":"(anonymous_0)","decl":{"start":{"line":5,"column":26},"end":{"line":5,"column":27}},"loc":{"start":{"line":23,"column":7},"end":{"line":50,"column":2}}},"1":{"name":"(anonymous_1)","decl":{"start":{"line":29,"column":27},"end":{"line":29,"column":28}},"loc":{"start":{"line":29,"column":48},"end":{"line":33,"column":4}}},"2":{"name":"(anonymous_2)","decl":{"start":{"line":42,"column":19},"end":{"line":42,"column":20}},"loc":{"start":{"line":42,"column":37},"end":{"line":45,"column":4}}},"3":{"name":"(anonymous_3)","decl":{"start":{"line":46,"column":19},"end":{"line":46,"column":20}},"loc":{"start":{"line":46,"column":30},"end":{"line":49,"column":4}}},"4":{"name":"(anonymous_4)","decl":{"start":{"line":138,"column":29},"end":{"line":138,"column":30}},"loc":{"start":{"line":138,"column":47},"end":{"line":183,"column":3}}},"5":{"name":"(anonymous_5)","decl":{"start":{"line":185,"column":35},"end":{"line":185,"column":36}},"loc":{"start":{"line":185,"column":53},"end":{"line":197,"column":3}}},"6":{"name":"(anonymous_6)","decl":{"start":{"line":188,"column":6},"end":{"line":188,"column":7}},"loc":{"start":{"line":188,"column":19},"end":{"line":188,"column":49}}},"7":{"name":"(anonymous_7)","decl":{"start":{"line":199,"column":26},"end":{"line":199,"column":27}},"loc":{"start":{"line":199,"column":45},"end":{"line":211,"column":3}}},"8":{"name":"(anonymous_8)","decl":{"start":{"line":213,"column":36},"end":{"line":213,"column":37}},"loc":{"start":{"line":213,"column":54},"end":{"line":250,"column":3}}}},"branchMap":{"0":{"loc":{"start":{"line":31,"column":15},"end":{"line":31,"column":41}},"type":"binary-expr","locations":[{"start":{"line":31,"column":15},"end":{"line":31,"column":32}},{"start":{"line":31,"column":36},"end":{"line":31,"column":41}}]},"1":{"loc":{"start":{"line":139,"column":26},"end":{"line":139,"column":67}},"type":"binary-expr","locations":[{"start":{"line":139,"column":26},"end":{"line":139,"column":60}},{"start":{"line":139,"column":64},"end":{"line":139,"column":67}}]},"2":{"loc":{"start":{"line":140,"column":25},"end":{"line":140,"column":66}},"type":"binary-expr","locations":[{"start":{"line":140,"column":25},"end":{"line":140,"column":58}},{"start":{"line":140,"column":62},"end":{"line":140,"column":66}}]},"3":{"loc":{"start":{"line":143,"column":4},"end":{"line":157,"column":5}},"type":"if","locations":[{"start":{"line":143,"column":4},"end":{"line":157,"column":5}},{"start":{},"end":{}}]},"4":{"loc":{"start":{"line":143,"column":8},"end":{"line":143,"column":36}},"type":"binary-expr","locations":[{"start":{"line":143,"column":8},"end":{"line":143,"column":20}},{"start":{"line":143,"column":24},"end":{"line":143,"column":36}}]},"5":{"loc":{"start":{"line":159,"column":4},"end":{"line":172,"column":5}},"type":"if","locations":[{"start":{"line":159,"column":4},"end":{"line":172,"column":5}},{"start":{},"end":{}}]},"6":{"loc":{"start":{"line":159,"column":8},"end":{"line":159,"column":37}},"type":"binary-expr","locations":[{"start":{"line":159,"column":8},"end":{"line":159,"column":21}},{"start":{"line":159,"column":25},"end":{"line":159,"column":37}}]},"7":{"loc":{"start":{"line":190,"column":20},"end":{"line":190,"column":51}},"type":"binary-expr","locations":[{"start":{"line":190,"column":20},"end":{"line":190,"column":43}},{"start":{"line":190,"column":47},"end":{"line":190,"column":51}}]},"8":{"loc":{"start":{"line":192,"column":4},"end":{"line":194,"column":5}},"type":"if","locations":[{"start":{"line":192,"column":4},"end":{"line":194,"column":5}},{"start":{},"end":{}}]},"9":{"loc":{"start":{"line":216,"column":4},"end":{"line":228,"column":5}},"type":"if","locations":[{"start":{"line":216,"column":4},"end":{"line":228,"column":5}},{"start":{},"end":{}}]},"10":{"loc":{"start":{"line":230,"column":4},"end":{"line":241,"column":5}},"type":"if","locations":[{"start":{"line":230,"column":4},"end":{"line":241,"column":5}},{"start":{},"end":{}}]}},"s":{"0":4,"1":4,"2":24,"3":28,"4":40,"5":52,"6":4,"7":4,"8":12,"9":12,"10":12,"11":11,"12":1,"13":1,"14":0,"15":8,"16":8,"17":48,"18":8,"19":8,"20":0,"21":8,"22":10,"23":5,"24":5,"25":4,"26":1,"27":0,"28":1},"f":{"0":24,"1":28,"2":40,"3":52,"4":12,"5":8,"6":48,"7":10,"8":5},"b":{"0":[28,24],"1":[12,0],"2":[12,0],"3":[11,1],"4":[12,11],"5":[1,0],"6":[1,1],"7":[8,0],"8":[0,8],"9":[4,1],"10":[0,1]}}
,"C:\\react\\pokedex-app\\src\\test\\msw\\server.ts": {"path":"C:\\react\\pokedex-app\\src\\test\\msw\\server.ts","statementMap":{"0":{"start":{"line":4,"column":22},"end":{"line":4,"column":46}}},"fnMap":{},"branchMap":{},"s":{"0":4},"f":{},"b":{}}
}
