TN:
SF:src\api\pokeapi.ts
FN:11,fetchJson
FN:19,getPokemonPage
FN:28,getPokemonDetail
FN:32,getPokemonTypes
FN:36,getPokemonsByType
FNF:5
FNH:5
FNDA:42,fetchJson
FNDA:13,getPokemonPage
FNDA:12,getPokemonDetail
FNDA:11,getPokemonTypes
FNDA:6,getPokemonsByType
DA:8,3
DA:9,3
DA:12,42
DA:13,42
DA:14,5
DA:16,37
DA:23,13
DA:29,12
DA:33,11
DA:37,6
LF:10
LH:10
BRDA:13,0,0,5
BRDA:13,0,1,37
BRDA:21,1,0,1
BRF:3
BRH:3
end_of_record
TN:
SF:src\features\components\ErrorState.tsx
FN:7,ErrorState
FNF:1
FNH:1
FNDA:1,ErrorState
DA:11,1
LF:1
LH:1
BRDA:8,0,0,0
BRDA:19,1,0,1
BRDA:19,1,1,1
BRF:3
BRH:2
end_of_record
TN:
SF:src\features\components\LoadingSpinner.tsx
FN:6,LoadingSpinner
FNF:1
FNH:1
FNDA:25,LoadingSpinner
DA:7,25
LF:1
LH:1
BRDA:6,0,0,0
BRF:1
BRH:0
end_of_record
TN:
SF:src\features\components\PokemonCard.tsx
FN:9,PokemonCard
FNF:1
FNH:1
FNDA:21,PokemonCard
DA:10,21
DA:11,21
DA:12,21
DA:14,21
LF:4
LH:4
BRF:0
BRH:0
end_of_record
TN:
SF:src\features\components\TypeBadge.tsx
FN:27,TypeBadge
FNF:1
FNH:1
FNDA:13,TypeBadge
DA:2,1
DA:28,13
DA:29,13
LF:3
LH:3
BRDA:28,0,0,13
BRDA:28,0,1,0
BRF:2
BRH:1
end_of_record
TN:
SF:src\features\components\TypeFilter.tsx
FN:8,TypeFilter
FN:22,(anonymous_1)
FN:27,(anonymous_2)
FN:35,(anonymous_3)
FNF:4
FNH:3
FNDA:27,TypeFilter
FNDA:0,(anonymous_1)
FNDA:48,(anonymous_2)
FNDA:1,(anonymous_3)
DA:9,27
DA:11,27
DA:22,0
DA:28,48
DA:35,1
LF:5
LH:4
BRDA:21,0,0,27
BRDA:21,0,1,20
BRDA:22,1,0,0
BRDA:22,1,1,0
BRDA:33,2,0,27
BRDA:33,2,1,7
BRF:6
BRH:4
end_of_record
TN:
SF:src\features\hooks\usePokemonDetail.ts
FN:4,usePokemonDetail
FN:7,(anonymous_1)
FNF:2
FNH:2
FNDA:19,usePokemonDetail
FNDA:10,(anonymous_1)
DA:5,19
DA:7,10
LF:2
LH:2
BRF:0
BRH:0
end_of_record
TN:
SF:src\features\hooks\usePokemonInfiniteList.ts
FN:6,usePokemonInfiniteList
FN:9,(anonymous_1)
FN:12,(anonymous_2)
FNF:3
FNH:3
FNDA:22,usePokemonInfiniteList
FNDA:9,(anonymous_1)
FNDA:23,(anonymous_2)
DA:4,2
DA:7,22
DA:10,9
DA:13,23
DA:14,23
DA:15,23
LF:6
LH:6
BRDA:9,0,0,0
BRDA:13,1,0,0
BRDA:13,1,1,23
BRF:3
BRH:1
end_of_record
TN:
SF:src\features\hooks\usePokemonTypes.ts
FN:7,usePokemonTypes
FN:11,(anonymous_1)
FN:14,(anonymous_2)
FNF:3
FNH:3
FNDA:27,usePokemonTypes
FNDA:21,(anonymous_1)
FNDA:84,(anonymous_2)
DA:5,2
DA:8,27
DA:11,21
DA:14,84
LF:4
LH:4
BRF:0
BRH:0
end_of_record
TN:
SF:src\features\hooks\usePokemonsByType.ts
FN:4,usePokemonsByType
FN:7,(anonymous_1)
FNF:2
FNH:2
FNDA:22,usePokemonsByType
FNDA:3,(anonymous_1)
DA:5,22
DA:7,3
LF:2
LH:2
BRF:0
BRH:0
end_of_record
TN:
SF:src\lib\utils.ts
FN:1,getPokemonIdFromUrl
FN:6,capitalise
FN:10,formatStatName
FNF:3
FNH:3
FNDA:25,getPokemonIdFromUrl
FNDA:4,capitalise
FNDA:43,formatStatName
DA:2,25
DA:3,25
DA:7,4
DA:11,43
DA:19,43
LF:5
LH:5
BRDA:19,0,0,43
BRDA:19,0,1,1
BRF:2
BRH:2
end_of_record
TN:
SF:src\pages\PokemonDetailPage.tsx
FN:9,PokemonDetailPage
FN:80,(anonymous_1)
FN:113,(anonymous_2)
FN:139,(anonymous_3)
FNF:4
FNH:4
FNDA:19,PokemonDetailPage
FNDA:13,(anonymous_1)
FNDA:14,(anonymous_2)
FNDA:18,(anonymous_3)
DA:10,19
DA:11,19
DA:13,19
DA:14,10
DA:21,9
DA:22,1
DA:33,8
DA:37,8
DA:39,8
DA:81,13
DA:114,14
DA:140,18
LF:12
LH:12
BRDA:10,0,0,0
BRDA:13,1,0,10
BRDA:13,1,1,9
BRDA:21,2,0,1
BRDA:21,2,1,8
BRDA:21,3,0,9
BRDA:21,3,1,8
BRDA:33,4,0,8
BRDA:33,4,1,1
BRDA:60,5,0,8
BRDA:60,5,1,0
BRDA:80,6,0,8
BRDA:80,6,1,0
BRDA:113,7,0,8
BRDA:113,7,1,0
BRDA:117,8,0,7
BRDA:117,8,1,7
BRDA:123,9,0,14
BRDA:123,9,1,7
BRDA:139,10,0,8
BRDA:139,10,1,0
BRF:21
BRH:16
end_of_record
TN:
SF:src\pages\PokemonListPage.tsx
FN:12,PokemonListPage
FN:39,(anonymous_1)
FN:45,(anonymous_2)
FN:59,(anonymous_3)
FN:60,(anonymous_4)
FN:101,(anonymous_5)
FNF:6
FNH:6
FNDA:22,PokemonListPage
FNDA:15,(anonymous_1)
FNDA:1,(anonymous_2)
FNDA:6,(anonymous_3)
FNDA:5,(anonymous_4)
FNDA:21,(anonymous_5)
DA:13,22
DA:14,22
DA:17,22
DA:28,22
DA:36,22
DA:39,22
DA:40,15
DA:41,0
DA:45,22
DA:46,1
DA:47,0
DA:49,1
DA:53,22
DA:54,22
DA:55,22
DA:58,22
DA:59,6
DA:60,5
DA:63,22
DA:102,21
LF:20
LH:18
BRDA:40,0,0,0
BRDA:40,0,1,15
BRDA:40,1,0,15
BRDA:40,1,1,0
BRDA:40,1,2,0
BRDA:46,2,0,0
BRDA:46,2,1,1
BRDA:53,3,0,5
BRDA:53,3,1,17
BRDA:54,4,0,5
BRDA:54,4,1,17
BRDA:55,5,0,5
BRDA:55,5,1,17
BRDA:58,6,0,5
BRDA:58,6,1,17
BRDA:59,7,0,5
BRDA:59,7,1,3
BRDA:60,8,0,17
BRDA:60,8,1,12
BRDA:82,9,0,22
BRDA:82,9,1,15
BRDA:84,10,0,22
BRDA:84,10,1,0
BRDA:91,11,0,22
BRDA:91,11,1,7
BRDA:91,11,2,7
BRDA:91,11,3,0
BRDA:107,12,0,22
BRDA:107,12,1,17
BRDA:109,13,0,17
BRDA:109,13,1,0
BRDA:112,14,0,17
BRDA:112,14,1,12
BRDA:112,14,2,0
BRF:34
BRH:26
end_of_record
TN:
SF:src\test\render.tsx
FN:12,renderWithProviders
FN:26,Wrapper
FN:41,renderWithRoute
FN:55,(anonymous_3)
FNF:4
FNH:4
FNDA:9,renderWithProviders
FNDA:9,Wrapper
FNDA:10,renderWithRoute
FNDA:20,(anonymous_3)
DA:20,9
DA:27,9
DA:38,9
DA:45,10
DA:51,10
DA:56,20
LF:6
LH:6
BRDA:14,0,0,0
BRDA:15,1,0,0
BRDA:16,2,0,9
BRDA:29,3,0,9
BRDA:29,3,1,0
BRDA:43,4,0,0
BRF:6
BRH:2
end_of_record
TN:
SF:src\test\msw\handlers.ts
FN:5,(anonymous_0)
FN:29,(anonymous_1)
FN:42,(anonymous_2)
FN:46,(anonymous_3)
FN:138,(anonymous_4)
FN:185,(anonymous_5)
FN:188,(anonymous_6)
FN:199,(anonymous_7)
FN:213,(anonymous_8)
FNF:9
FNH:9
FNDA:24,(anonymous_0)
FNDA:28,(anonymous_1)
FNDA:40,(anonymous_2)
FNDA:52,(anonymous_3)
FNDA:12,(anonymous_4)
FNDA:8,(anonymous_5)
FNDA:48,(anonymous_6)
FNDA:10,(anonymous_7)
FNDA:5,(anonymous_8)
DA:3,4
DA:5,4
DA:23,24
DA:29,28
DA:42,40
DA:46,52
DA:52,4
DA:137,4
DA:139,12
DA:140,12
DA:143,12
DA:144,11
DA:159,1
DA:160,1
DA:174,0
DA:186,8
DA:187,8
DA:188,48
DA:190,8
DA:192,8
DA:193,0
DA:196,8
DA:200,10
DA:214,5
DA:216,5
DA:217,4
DA:230,1
DA:231,0
DA:243,1
LF:29
LH:26
BRDA:31,0,0,28
BRDA:31,0,1,24
BRDA:139,1,0,12
BRDA:139,1,1,0
BRDA:140,2,0,12
BRDA:140,2,1,0
BRDA:143,3,0,11
BRDA:143,3,1,1
BRDA:143,4,0,12
BRDA:143,4,1,11
BRDA:159,5,0,1
BRDA:159,5,1,0
BRDA:159,6,0,1
BRDA:159,6,1,1
BRDA:190,7,0,8
BRDA:190,7,1,0
BRDA:192,8,0,0
BRDA:192,8,1,8
BRDA:216,9,0,4
BRDA:216,9,1,1
BRDA:230,10,0,0
BRDA:230,10,1,1
BRF:22
BRH:16
end_of_record
TN:
SF:src\test\msw\server.ts
FNF:0
FNH:0
DA:4,4
LF:1
LH:1
BRF:0
BRH:0
end_of_record
